#
# There is insufficient memory for the Java Runtime Environment to continue.
# Native memory allocation (mmap) failed to map 134217728 bytes for G1 virtual space
# Possible reasons:
#   The system is out of physical RAM or swap space
#   The process is running with CompressedOops enabled, and the Java Heap may be blocking the growth of the native heap
# Possible solutions:
#   Reduce memory load on the system
#   Increase physical memory or swap space
#   Check if swap backing store is full
#   Decrease Java heap size (-Xmx/-Xms)
#   Decrease number of Java threads
#   Decrease Java thread stack sizes (-Xss)
#   Set larger code cache with -XX:ReservedCodeCacheSize=
#   JVM is running with Unscaled Compressed Oops mode in which the Java heap is
#     placed in the first 4GB address space. The Java Heap base address is the
#     maximum limit for the native heap growth. Please use -XX:HeapBaseMinAddress
#     to set the Java Heap base and to place the Java Heap above 4GB virtual address.
# This output file may be truncated or incomplete.
#
#  Out of Memory Error (os_windows.cpp:3528), pid=6388, tid=1152
#
# JRE version:  (20.0.1+9) (build )
# Java VM: Java HotSpot(TM) 64-Bit Server VM (20.0.1+9-29, mixed mode, sharing, tiered, compressed oops, compressed class ptrs, g1 gc, windows-amd64)
# No core dump will be written. Minidumps are not enabled by default on client versions of Windows
#

---------------  S U M M A R Y ------------

Command Line: -Dfile.encoding=UTF-8 --module-path=D:\JAVA PROJECTS\Employee_management\build\classes employee_management.AddEmployee

Host: Intel(R) Core(TM) i5-5300U CPU @ 2.30GHz, 4 cores, 7G,  Windows 10 , 64 bit Build 19041 (10.0.19041.3636)
Time: Sat Apr  6 21:44:35 2024 India Standard Time elapsed time: 0.016367 seconds (0d 0h 0m 0s)

---------------  T H R E A D  ---------------

Current thread (0x000001c52af92310):  JavaThread "Unknown thread" [_thread_in_vm, id=1152, stack(0x0000009fda800000,0x0000009fda900000)]

Stack: [0x0000009fda800000,0x0000009fda900000]
Native frames: (J=compiled Java code, j=interpreted, Vv=VM code, C=native code)
V  [jvm.dll+0x6bb95a]
V  [jvm.dll+0x8485fa]
V  [jvm.dll+0x84a1f5]
V  [jvm.dll+0x84a8f3]
V  [jvm.dll+0x280b0f]
V  [jvm.dll+0x6b86e9]
V  [jvm.dll+0x6ad2da]
V  [jvm.dll+0x35adf5]
V  [jvm.dll+0x363016]
V  [jvm.dll+0x3b3b3e]
V  [jvm.dll+0x3b3dc5]
V  [jvm.dll+0x32b50a]
V  [jvm.dll+0x32c32b]
V  [jvm.dll+0x8112bf]
V  [jvm.dll+0x3c0d91]
V  [jvm.dll+0x7fcfe3]
V  [jvm.dll+0x44c76f]
V  [jvm.dll+0x44e0e1]
C  [jli.dll+0x5287]
C  [ucrtbase.dll+0x21bb2]
C  [KERNEL32.DLL+0x17344]
C  [ntdll.dll+0x526b1]


---------------  P R O C E S S  ---------------

Threads class SMR info:
_java_thread_list=0x00007ffb7439a098, length=0, elements={
}

Java Threads: ( => current thread )

Other Threads:
  0x000001c52afef1c0 WorkerThread "GC Thread#0" [stack: 0x0000009fda900000,0x0000009fdaa00000] [id=12892]
  0x000001c52afffeb0 ConcurrentGCThread "G1 Main Marker" [stack: 0x0000009fdaa00000,0x0000009fdab00000] [id=15796]
  0x000001c52b002090 WorkerThread "G1 Conc#0" [stack: 0x0000009fdab00000,0x0000009fdac00000] [id=14992]

[error occurred during error reporting (printing all threads), id 0xc0000005, EXCEPTION_ACCESS_VIOLATION (0xc0000005) at pc=0x00007ffb73b7eb47]
VM state: not at safepoint (not fully initialized)

VM Mutex/Monitor currently owned by a thread:  ([mutex/lock_event])
[0x000001c52af8cbd0] Heap_lock - owner thread: 0x000001c52af92310

Heap address: 0x0000000081e00000, size: 2018 MB, Compressed Oops mode: 32-bit

CDS archive(s) mapped at: [0x0000000000000000-0x0000000000000000-0x0000000000000000), size 0, SharedBaseAddress: 0x0000000800000000, ArchiveRelocationMode: 0.
Narrow klass base: 0x0000000000000000, Narrow klass shift: 0, Narrow klass range: 0x0

GC Precious Log:
 CardTable entry size: 512
 Card Set container configuration: InlinePtr #cards 5 size 8 Array Of Cards #cards 12 size 40 Howl #buckets 4 coarsen threshold 1843 Howl Bitmap #cards 512 size 80 coarsen threshold 460 Card regions per heap region 1 cards per card region 2048

Heap:
 garbage-first heap   total 0K, used 0K [0x0000000081e00000, 0x0000000100000000)
  region size 1024K, 0 young (0K), 0 survivors (0K)

[error occurred during error reporting (printing heap information), id 0xc0000005, EXCEPTION_ACCESS_VIOLATION (0xc0000005) at pc=0x00007ffb73f53c59]
GC Heap History (0 events):
No events

Dll operation events (1 events):
Event: 0.011 Loaded shared library C:\Program Files\Java\jdk-20\bin\java.dll

Deoptimization events (0 events):
No events

Classes loaded (0 events):
No events

Classes unloaded (0 events):
No events

Classes redefined (0 events):
No events

Internal exceptions (0 events):
No events

VM Operations (0 events):
No events

Events (0 events):
No events


Dynamic libraries:
0x00007ff6b3f30000 - 0x00007ff6b3f40000 	C:\Program Files\Java\jdk-20\bin\java.exe
0x00007ffba3690000 - 0x00007ffba3888000 	C:\Windows\SYSTEM32\ntdll.dll
0x00007ffba2fd0000 - 0x00007ffba308d000 	C:\Windows\System32\KERNEL32.DLL
0x00007ffba0d40000 - 0x00007ffba1036000 	C:\Windows\System32\KERNELBASE.dll
0x00007ffba1040000 - 0x00007ffba1140000 	C:\Windows\System32\ucrtbase.dll
0x00007ffb9c330000 - 0x00007ffb9c34b000 	C:\Program Files\Java\jdk-20\bin\VCRUNTIME140.dll
0x00007ffb95540000 - 0x00007ffb95559000 	C:\Program Files\Java\jdk-20\bin\jli.dll
0x00007ffba2640000 - 0x00007ffba26f0000 	C:\Windows\System32\ADVAPI32.dll
0x00007ffba2350000 - 0x00007ffba23ee000 	C:\Windows\System32\msvcrt.dll
0x00007ffba32f0000 - 0x00007ffba3390000 	C:\Windows\System32\sechost.dll
0x00007ffba3520000 - 0x00007ffba3645000 	C:\Windows\System32\RPCRT4.dll
0x00007ffba1620000 - 0x00007ffba1647000 	C:\Windows\System32\bcrypt.dll
0x00007ffba2100000 - 0x00007ffba229e000 	C:\Windows\System32\USER32.dll
0x00007ffba13e0000 - 0x00007ffba1402000 	C:\Windows\System32\win32u.dll
0x00007ffba2fa0000 - 0x00007ffba2fcb000 	C:\Windows\System32\GDI32.dll
0x00007ffba1410000 - 0x00007ffba1527000 	C:\Windows\System32\gdi32full.dll
0x00007ffba1530000 - 0x00007ffba15cd000 	C:\Windows\System32\msvcp_win.dll
0x00007ffb92970000 - 0x00007ffb92c0a000 	C:\Windows\WinSxS\amd64_microsoft.windows.common-controls_6595b64144ccf1df_6.0.19041.3636_none_60b6a03d71f818d5\COMCTL32.dll
0x00007ffb98290000 - 0x00007ffb9829a000 	C:\Windows\SYSTEM32\VERSION.dll
0x00007ffba31f0000 - 0x00007ffba3222000 	C:\Windows\System32\IMM32.DLL
0x00007ffb9c3a0000 - 0x00007ffb9c3ac000 	C:\Program Files\Java\jdk-20\bin\vcruntime140_1.dll
0x00007ffb8fb00000 - 0x00007ffb8fb8e000 	C:\Program Files\Java\jdk-20\bin\msvcp140.dll
0x00007ffb73840000 - 0x00007ffb744d7000 	C:\Program Files\Java\jdk-20\bin\server\jvm.dll
0x00007ffb8d710000 - 0x00007ffb8d719000 	C:\Windows\SYSTEM32\WSOCK32.dll
0x00007ffb90bd0000 - 0x00007ffb90bf7000 	C:\Windows\SYSTEM32\WINMM.dll
0x00007ffba2ec0000 - 0x00007ffba2f2b000 	C:\Windows\System32\WS2_32.dll
0x00007ffb9f580000 - 0x00007ffb9f592000 	C:\Windows\SYSTEM32\kernel.appcore.dll
0x00007ffb9c320000 - 0x00007ffb9c32a000 	C:\Program Files\Java\jdk-20\bin\jimage.dll
0x00007ffb9e8a0000 - 0x00007ffb9ea84000 	C:\Windows\SYSTEM32\DBGHELP.DLL
0x00007ffb8bbc0000 - 0x00007ffb8bbf4000 	C:\Windows\SYSTEM32\dbgcore.DLL
0x00007ffba1140000 - 0x00007ffba11c2000 	C:\Windows\System32\bcryptPrimitives.dll
0x00007ffb9ab40000 - 0x00007ffb9ab66000 	C:\Program Files\Java\jdk-20\bin\java.dll

dbghelp: loaded successfully - version: 4.0.5 - missing functions: none
symbol engine: initialized successfully - sym options: 0x614 - pdb path: .;C:\Program Files\Java\jdk-20\bin;C:\Windows\SYSTEM32;C:\Windows\WinSxS\amd64_microsoft.windows.common-controls_6595b64144ccf1df_6.0.19041.3636_none_60b6a03d71f818d5;C:\Program Files\Java\jdk-20\bin\server

VM Arguments:
jvm_args: -Dfile.encoding=UTF-8 --module-path=D:\JAVA PROJECTS\Employee_management\build\classes 
java_command: employee_management.AddEmployee
java_class_path (initial): D:\JAVA PROJECTS\Employee_management\mysql-connector-java-8.0.28.jar;D:\JAVA PROJECTS\Employee_management\Calender Jar File\jcalendar-tz-1.3.3-4.jar;D:\JAVA PROJECTS\Employee_management\build\classes
Launcher Type: SUN_STANDARD

[Global flags]
     intx CICompilerCount                          = 3                                         {product} {ergonomic}
     uint ConcGCThreads                            = 1                                         {product} {ergonomic}
     uint G1ConcRefinementThreads                  = 4                                         {product} {ergonomic}
   size_t G1HeapRegionSize                         = 1048576                                   {product} {ergonomic}
    uintx GCDrainStackTargetSize                   = 64                                        {product} {ergonomic}
   size_t InitialHeapSize                          = 134217728                                 {product} {ergonomic}
   size_t MarkStackSize                            = 4194304                                   {product} {ergonomic}
   size_t MaxHeapSize                              = 2116026368                                {product} {ergonomic}
   size_t MinHeapDeltaBytes                        = 1048576                                   {product} {ergonomic}
   size_t MinHeapSize                              = 8388608                                   {product} {ergonomic}
    uintx NonNMethodCodeHeapSize                   = 5832780                                {pd product} {ergonomic}
    uintx NonProfiledCodeHeapSize                  = 122912730                              {pd product} {ergonomic}
    uintx ProfiledCodeHeapSize                     = 122912730                              {pd product} {ergonomic}
    uintx ReservedCodeCacheSize                    = 251658240                              {pd product} {ergonomic}
     bool SegmentedCodeCache                       = true                                      {product} {ergonomic}
   size_t SoftMaxHeapSize                          = 2116026368                             {manageable} {ergonomic}
     bool UseCompressedClassPointers               = true                           {product lp64_product} {ergonomic}
     bool UseCompressedOops                        = true                           {product lp64_product} {ergonomic}
     bool UseG1GC                                  = true                                      {product} {ergonomic}
     bool UseLargePagesIndividualAllocation        = false                                  {pd product} {ergonomic}

Logging:
Log output configuration:
 #0: stdout all=warning uptime,level,tags foldmultilines=false
 #1: stderr all=off uptime,level,tags foldmultilines=false

Environment Variables:
JAVA_HOME=C:\Program Files\Java\jdk-19
PATH=C:\Program Files (x86)\Common Files\Oracle\Java\javapath;C:\Users\admin\AppData\Roaming\npm C:\Program Files\nodejs;C:\Program Files\nodejs\;C:\Program Files\Go\bin;C:\Program Files\Microsoft SQL Server\150\Tools\Binn\;C:\Windows\System32;C:\Program Files\Git\cmd;C:\Program Files\MySQL\MySQL Shell 8.0\bin\;C:\Program Files (x86)\Microsoft Visual Studio\Common\Tools\WinNT;C:\Program Files (x86)\Microsoft Visual Studio\Common\MSDev98\Bin;C:\Program Files (x86)\Microsoft Visual Studio\Common\Tools;C:\Program Files (x86)\Microsoft Visual Studio\VC98\bin;C:\Users\NIST\AppData\Local\Microsoft\WindowsApps;C:\Program Files\Java\jdk-20\bin;C:\Users\NIST\AppData\Local\Programs\Microsoft VS Code\bin;C:\Users\NIST\go\bin;C:\Users\NIST\AppData\Roaming\npm;C:\Users\NIST\Downloads\flutter\bin;
USERNAME=NIST
OS=Windows_NT
PROCESSOR_IDENTIFIER=Intel64 Family 6 Model 61 Stepping 4, GenuineIntel
TMP=C:\Users\NIST\AppData\Local\Temp
TEMP=C:\Users\NIST\AppData\Local\Temp




---------------  S Y S T E M  ---------------

OS:
 Windows 10 , 64 bit Build 19041 (10.0.19041.3636)
OS uptime: 8 days 5:40 hours

CPU: total 4 (initial active 4) (2 cores per cpu, 2 threads per core) family 6 model 61 stepping 4 microcode 0x2d, cx8, cmov, fxsr, ht, mmx, 3dnowpref, sse, sse2, sse3, ssse3, sse4.1, sse4.2, popcnt, lzcnt, tsc, tscinvbit, avx, avx2, aes, erms, clmul, bmi1, bmi2, rtm, adx, fma, vzeroupper, clflush, rdtscp, f16c

Memory: 4k page, system-wide physical 8067M (943M free)
TotalPageFile size 20486M (AvailPageFile size 74M)
current process WorkingSet (physical memory assigned to process): 10M, peak: 10M
current process commit charge ("private bytes"): 52M, peak: 179M

vm_info: Java HotSpot(TM) 64-Bit Server VM (20.0.1+9-29) for windows-amd64 JRE (20.0.1+9-29), built on 2023-03-07T13:56:11Z by "mach5one" with MS VC++ 17.1 (VS2022)

END.
